<?xml version="1.0" encoding="UTF-8"?>
<coverage generated="1703434029284" clover="3.2.0">
  <project timestamp="1703434029284" name="All files">
    <metrics statements="9" coveredstatements="9" conditionals="2" coveredconditionals="1" methods="5" coveredmethods="4" elements="16" coveredelements="14" complexity="0" loc="9" ncloc="9" packages="1" files="2" classes="2"/>
    <file name="Footer.js" path="D:\01Swiggy\src\components\Footer.js">
      <metrics statements="7" coveredstatements="7" conditionals="2" coveredconditionals="1" methods="4" coveredmethods="3"/>
      <line num="5" count="1" type="stmt"/>
      <line num="6" count="1" type="stmt"/>
      <line num="8" count="1" type="stmt"/>
      <line num="9" count="1" type="stmt"/>
      <line num="10" count="1" type="stmt"/>
      <line num="13" count="1" type="stmt"/>
      <line num="16" count="1" type="cond" truecount="1" falsecount="1"/>
    </file>
    <file name="sum.js" path="D:\01Swiggy\src\components\sum.js">
      <metrics statements="2" coveredstatements="2" conditionals="0" coveredconditionals="0" methods="1" coveredmethods="1"/>
      <line num="1" count="1" type="stmt"/>
      <line num="2" count="1" type="stmt"/>
    </file>
  </project>
</coverage>
