{"D:\\01Swiggy\\src\\components\\Footer.js": {"path":"D:\\01Swiggy\\src\\components\\Footer.js","statementMap":{"0":{"start":{"line":5,"column":15},"end":{"line":94,"column":1}},"1":{"start":{"line":6,"column":42},"end":{"line":6,"column":69}},"2":{"start":{"line":8,"column":4},"end":{"line":14,"column":11}},"3":{"start":{"line":9,"column":29},"end":{"line":9,"column":68}},"4":{"start":{"line":9,"column":35},"end":{"line":9,"column":68}},"5":{"start":{"line":10,"column":8},"end":{"line":10,"column":56}},"6":{"start":{"line":13,"column":8},"end":{"line":13,"column":72}},"7":{"start":{"line":13,"column":21},"end":{"line":13,"column":71}},"8":{"start":{"line":16,"column":4},"end":{"line":93,"column":5}}},"fnMap":{"0":{"name":"(anonymous_0)","decl":{"start":{"line":5,"column":15},"end":{"line":5,"column":16}},"loc":{"start":{"line":5,"column":21},"end":{"line":94,"column":1}},"line":5},"1":{"name":"(anonymous_1)","decl":{"start":{"line":8,"column":14},"end":{"line":8,"column":15}},"loc":{"start":{"line":8,"column":20},"end":{"line":14,"column":5}},"line":8},"2":{"name":"(anonymous_2)","decl":{"start":{"line":9,"column":29},"end":{"line":9,"column":30}},"loc":{"start":{"line":9,"column":35},"end":{"line":9,"column":68}},"line":9},"3":{"name":"(anonymous_3)","decl":{"start":{"line":13,"column":15},"end":{"line":13,"column":16}},"loc":{"start":{"line":13,"column":21},"end":{"line":13,"column":71}},"line":13}},"branchMap":{"0":{"loc":{"start":{"line":16,"column":11},"end":{"line":93,"column":5}},"type":"cond-expr","locations":[{"start":{"line":16,"column":33},"end":{"line":16,"column":35}},{"start":{"line":17,"column":8},"end":{"line":92,"column":14}}],"line":16}},"s":{"0":1,"1":1,"2":1,"3":1,"4":0,"5":1,"6":1,"7":1,"8":1},"f":{"0":1,"1":1,"2":0,"3":1},"b":{"0":[1,0]},"_coverageSchema":"1a1c01bbd47fc00a2c39e90264f33305004495a9","hash":"9a9de08f96835d7b15c6da8ee23d6c4276ecc70f"}
,"D:\\01Swiggy\\src\\components\\sum.js": {"path":"D:\\01Swiggy\\src\\components\\sum.js","statementMap":{"0":{"start":{"line":1,"column":19},"end":{"line":3,"column":1}},"1":{"start":{"line":2,"column":4},"end":{"line":2,"column":15}}},"fnMap":{"0":{"name":"(anonymous_0)","decl":{"start":{"line":1,"column":19},"end":{"line":1,"column":20}},"loc":{"start":{"line":1,"column":27},"end":{"line":3,"column":1}},"line":1}},"branchMap":{},"s":{"0":1,"1":1},"f":{"0":1},"b":{},"_coverageSchema":"1a1c01bbd47fc00a2c39e90264f33305004495a9","hash":"23578add130aa46de69e9393550e83a550e9af98"}
}
